<?xml version="1.0" encoding="UTF-8"?>
<!-- Generated by org.testng.reporters.JUnitReportReporter -->
<testsuite hostname="Rahul-VAIO" name="com.cjc.Project" tests="1" failures="0" timestamp="29 Jan 2020 05:45:15 GMT" time="9.383" errors="0">
  <testcase name="login" time="9.383" classname="com.cjc.Project"/>
</testsuite> <!-- com.cjc.Project -->
